10:24:43	[日志记录开始] 123456789
10:30:42	[日志记录开始] 123456789
10:31:39	[现在时间] 12013-05-23 10:29
10:31:39	[现在时间] 22013-05-23 10:29
10:31:39	[现在时间] 4:2013-05-23 10:29
10:31:39	[现在时间] 5:OK
10:31:40	[EX9134474888] Protect 方法或属性无效因为文档已受保护>>System.Runtime.InteropServices.COMException (0x800A11FD): Protect 方法或属性无效因为文档已受保护
   在 Microsoft.Office.Interop.Word.DocumentClass.Protect(WdProtectionType Type, Object& NoReset, Object& Password, Object& UseIRM, Object& EnforceStyleLock)
   在 EMR.MainForm.ProtectDoc() 位置 C:\Users\Administrator\Desktop\静海20130517\emr\EMRWS2.0\MainForm.cs:行号 1336
10:32:02	[EX9134474888] Protect 方法或属性无效因为文档已受保护>>System.Runtime.InteropServices.COMException (0x800A11FD): Protect 方法或属性无效因为文档已受保护
   在 Microsoft.Office.Interop.Word.DocumentClass.Protect(WdProtectionType Type, Object& NoReset, Object& Password, Object& UseIRM, Object& EnforceStyleLock)
   在 EMR.MainForm.ProtectDoc() 位置 C:\Users\Administrator\Desktop\静海20130517\emr\EMRWS2.0\MainForm.cs:行号 1336
10:32:49	[EmrDocInfo checkSeries(int series)] iSeries检测错误EmrDocInfo.iSeries:4,series:3, EmrDocInfo.NoteID:03,EmrDocInfo.bIsNew:False
10:35:08	[日志记录开始] 123456789
10:36:00	[EX9134474888] Protect 方法或属性无效因为文档已受保护>>System.Runtime.InteropServices.COMException (0x800A11FD): Protect 方法或属性无效因为文档已受保护
   在 Microsoft.Office.Interop.Word.DocumentClass.Protect(WdProtectionType Type, Object& NoReset, Object& Password, Object& UseIRM, Object& EnforceStyleLock)
   在 EMR.MainForm.ProtectDoc() 位置 C:\Users\Administrator\Desktop\静海20130517\emr\EMRWS2.0\MainForm.cs:行号 1336
10:36:40	[EmrDocInfo checkSeries(int series)] iSeries检测错误EmrDocInfo.iSeries:4,series:3, EmrDocInfo.NoteID:03,EmrDocInfo.bIsNew:False
10:37:44	[EX9134474788] Unprotect 方法或属性无效因为已解除文档保护>>System.Runtime.InteropServices.COMException (0x800A11FD): Unprotect 方法或属性无效因为已解除文档保护
   在 Microsoft.Office.Interop.Word.DocumentClass.Unprotect(Object& Password)
   在 EMR.MainForm.UnProtectDoc() 位置 C:\Users\Administrator\Desktop\静海20130517\emr\EMRWS2.0\MainForm.cs:行号 1349
10:38:07	[现在时间] 12013-05-23 10:35
10:38:07	[现在时间] 22013-05-23 10:35
10:38:07	[现在时间] 4:2013-05-23 10:35
10:38:07	[现在时间] 5:OK
10:38:07	[EX9134474888] Protect 方法或属性无效因为该文档被锁定，无法编辑。>>System.Runtime.InteropServices.COMException (0x800A11FD): Protect 方法或属性无效因为该文档被锁定，无法编辑。
   在 Microsoft.Office.Interop.Word.DocumentClass.Protect(WdProtectionType Type, Object& NoReset, Object& Password, Object& UseIRM, Object& EnforceStyleLock)
   在 EMR.MainForm.ProtectDoc() 位置 C:\Users\Administrator\Desktop\静海20130517\emr\EMRWS2.0\MainForm.cs:行号 1336
10:38:27	[EX9134474888] Protect 方法或属性无效因为文档已受保护>>System.Runtime.InteropServices.COMException (0x800A11FD): Protect 方法或属性无效因为文档已受保护
   在 Microsoft.Office.Interop.Word.DocumentClass.Protect(WdProtectionType Type, Object& NoReset, Object& Password, Object& UseIRM, Object& EnforceStyleLock)
   在 EMR.MainForm.ProtectDoc() 位置 C:\Users\Administrator\Desktop\静海20130517\emr\EMRWS2.0\MainForm.cs:行号 1336
10:38:57	[EX9134474788] Unprotect 方法或属性无效因为已解除文档保护>>System.Runtime.InteropServices.COMException (0x800A11FD): Unprotect 方法或属性无效因为已解除文档保护
   在 Microsoft.Office.Interop.Word.DocumentClass.Unprotect(Object& Password)
   在 EMR.MainForm.UnProtectDoc() 位置 C:\Users\Administrator\Desktop\静海20130517\emr\EMRWS2.0\MainForm.cs:行号 1349
10:38:58	[现在时间] 12013-05-23 10:36
10:38:58	[现在时间] 22013-05-23 10:36
10:38:58	[现在时间] 4:2013-05-23 10:36
10:38:58	[现在时间] 5:OK
10:38:58	[现在时间] 12013-05-23 10:36
10:38:59	[现在时间] 22013-05-23 10:36
10:38:59	[现在时间] 4:2013-05-23 10:36
10:38:59	[现在时间] 5:OK
10:38:59	[EX9134474888] Protect 方法或属性无效因为该文档被锁定，无法编辑。>>System.Runtime.InteropServices.COMException (0x800A11FD): Protect 方法或属性无效因为该文档被锁定，无法编辑。
   在 Microsoft.Office.Interop.Word.DocumentClass.Protect(WdProtectionType Type, Object& NoReset, Object& Password, Object& UseIRM, Object& EnforceStyleLock)
   在 EMR.MainForm.ProtectDoc() 位置 C:\Users\Administrator\Desktop\静海20130517\emr\EMRWS2.0\MainForm.cs:行号 1336
10:39:12	[EX9134474888] Protect 方法或属性无效因为该文档被锁定，无法编辑。>>System.Runtime.InteropServices.COMException (0x800A11FD): Protect 方法或属性无效因为该文档被锁定，无法编辑。
   在 Microsoft.Office.Interop.Word.DocumentClass.Protect(WdProtectionType Type, Object& NoReset, Object& Password, Object& UseIRM, Object& EnforceStyleLock)
   在 EMR.MainForm.ProtectDoc() 位置 C:\Users\Administrator\Desktop\静海20130517\emr\EMRWS2.0\MainForm.cs:行号 1336
10:41:11	[现在时间] 12013-05-23 10:38
10:41:11	[现在时间] 22013-05-23 10:38
10:41:11	[现在时间] 4:2013-05-23 10:38
10:41:11	[现在时间] 5:OK
10:41:12	[EX9134474888] Protect 方法或属性无效因为文档已受保护>>System.Runtime.InteropServices.COMException (0x800A11FD): Protect 方法或属性无效因为文档已受保护
   在 Microsoft.Office.Interop.Word.DocumentClass.Protect(WdProtectionType Type, Object& NoReset, Object& Password, Object& UseIRM, Object& EnforceStyleLock)
   在 EMR.MainForm.ProtectDoc() 位置 C:\Users\Administrator\Desktop\静海20130517\emr\EMRWS2.0\MainForm.cs:行号 1336
10:41:25	[EX9134474888] Protect 方法或属性无效因为该文档被锁定，无法编辑。>>System.Runtime.InteropServices.COMException (0x800A11FD): Protect 方法或属性无效因为该文档被锁定，无法编辑。
   在 Microsoft.Office.Interop.Word.DocumentClass.Protect(WdProtectionType Type, Object& NoReset, Object& Password, Object& UseIRM, Object& EnforceStyleLock)
   在 EMR.MainForm.ProtectDoc() 位置 C:\Users\Administrator\Desktop\静海20130517\emr\EMRWS2.0\MainForm.cs:行号 1336
10:41:32	[EX9134474888] Protect 方法或属性无效因为文档已受保护>>System.Runtime.InteropServices.COMException (0x800A11FD): Protect 方法或属性无效因为文档已受保护
   在 Microsoft.Office.Interop.Word.DocumentClass.Protect(WdProtectionType Type, Object& NoReset, Object& Password, Object& UseIRM, Object& EnforceStyleLock)
   在 EMR.MainForm.ProtectDoc() 位置 C:\Users\Administrator\Desktop\静海20130517\emr\EMRWS2.0\MainForm.cs:行号 1336
10:42:06	[EX9134474788] Unprotect 方法或属性无效因为已解除文档保护>>System.Runtime.InteropServices.COMException (0x800A11FD): Unprotect 方法或属性无效因为已解除文档保护
   在 Microsoft.Office.Interop.Word.DocumentClass.Unprotect(Object& Password)
   在 EMR.MainForm.UnProtectDoc() 位置 C:\Users\Administrator\Desktop\静海20130517\emr\EMRWS2.0\MainForm.cs:行号 1349
11:35:19	[日志记录开始] 123456789
11:36:19	[EX9134474788] Unprotect 方法或属性无效因为已解除文档保护>>System.Runtime.InteropServices.COMException (0x800A11FD): Unprotect 方法或属性无效因为已解除文档保护
   在 Microsoft.Office.Interop.Word.DocumentClass.Unprotect(Object& Password)
   在 EMR.MainForm.UnProtectDoc() 位置 C:\Users\Administrator\Desktop\静海20130517\emr\EMRWS2.0\MainForm.cs:行号 1349
11:36:21	[EX9134474888] Protect 方法或属性无效因为该文档被锁定，无法编辑。>>System.Runtime.InteropServices.COMException (0x800A11FD): Protect 方法或属性无效因为该文档被锁定，无法编辑。
   在 Microsoft.Office.Interop.Word.DocumentClass.Protect(WdProtectionType Type, Object& NoReset, Object& Password, Object& UseIRM, Object& EnforceStyleLock)
   在 EMR.MainForm.ProtectDoc() 位置 C:\Users\Administrator\Desktop\静海20130517\emr\EMRWS2.0\MainForm.cs:行号 1336
11:37:04	[EX9134474888] Protect 方法或属性无效因为文档已受保护>>System.Runtime.InteropServices.COMException (0x800A11FD): Protect 方法或属性无效因为文档已受保护
   在 Microsoft.Office.Interop.Word.DocumentClass.Protect(WdProtectionType Type, Object& NoReset, Object& Password, Object& UseIRM, Object& EnforceStyleLock)
   在 EMR.MainForm.ProtectDoc() 位置 C:\Users\Administrator\Desktop\静海20130517\emr\EMRWS2.0\MainForm.cs:行号 1336
11:40:19	[EX9134474788] Unprotect 方法或属性无效因为已解除文档保护>>System.Runtime.InteropServices.COMException (0x800A11FD): Unprotect 方法或属性无效因为已解除文档保护
   在 Microsoft.Office.Interop.Word.DocumentClass.Unprotect(Object& Password)
   在 EMR.MainForm.UnProtectDoc() 位置 C:\Users\Administrator\Desktop\静海20130517\emr\EMRWS2.0\MainForm.cs:行号 1349
11:40:21	[现在时间] 12013-05-23 11:37
11:40:21	[现在时间] 22013-05-23 11:37
11:40:21	[现在时间] 4:2013-05-23 11:37
11:40:21	[现在时间] 5:OK
11:40:21	[EX9134474888] Protect 方法或属性无效因为该文档被锁定，无法编辑。>>System.Runtime.InteropServices.COMException (0x800A11FD): Protect 方法或属性无效因为该文档被锁定，无法编辑。
   在 Microsoft.Office.Interop.Word.DocumentClass.Protect(WdProtectionType Type, Object& NoReset, Object& Password, Object& UseIRM, Object& EnforceStyleLock)
   在 EMR.MainForm.ProtectDoc() 位置 C:\Users\Administrator\Desktop\静海20130517\emr\EMRWS2.0\MainForm.cs:行号 1336
11:40:55	[EX9134474888] Protect 方法或属性无效因为文档已受保护>>System.Runtime.InteropServices.COMException (0x800A11FD): Protect 方法或属性无效因为文档已受保护
   在 Microsoft.Office.Interop.Word.DocumentClass.Protect(WdProtectionType Type, Object& NoReset, Object& Password, Object& UseIRM, Object& EnforceStyleLock)
   在 EMR.MainForm.ProtectDoc() 位置 C:\Users\Administrator\Desktop\静海20130517\emr\EMRWS2.0\MainForm.cs:行号 1336
11:41:16	[EmrDocInfo checkSeries(int series)] iSeries检测错误EmrDocInfo.iSeries:4,series:3, EmrDocInfo.NoteID:17,EmrDocInfo.bIsNew:False
11:45:58	[EX9134474788] Unprotect 方法或属性无效因为已解除文档保护>>System.Runtime.InteropServices.COMException (0x800A11FD): Unprotect 方法或属性无效因为已解除文档保护
   在 Microsoft.Office.Interop.Word.DocumentClass.Unprotect(Object& Password)
   在 EMR.MainForm.UnProtectDoc() 位置 C:\Users\Administrator\Desktop\静海20130517\emr\EMRWS2.0\MainForm.cs:行号 1349
11:46:01	[现在时间] 12013-05-23 11:43
11:46:01	[现在时间] 22013-05-23 11:43
11:46:01	[现在时间] 4:2013-05-23 11:43
11:46:01	[现在时间] 5:OK
11:46:01	[EX9134474888] Protect 方法或属性无效因为该文档被锁定，无法编辑。>>System.Runtime.InteropServices.COMException (0x800A11FD): Protect 方法或属性无效因为该文档被锁定，无法编辑。
   在 Microsoft.Office.Interop.Word.DocumentClass.Protect(WdProtectionType Type, Object& NoReset, Object& Password, Object& UseIRM, Object& EnforceStyleLock)
   在 EMR.MainForm.ProtectDoc() 位置 C:\Users\Administrator\Desktop\静海20130517\emr\EMRWS2.0\MainForm.cs:行号 1336
11:46:19	[EX9134474888] Protect 方法或属性无效因为该文档被锁定，无法编辑。>>System.Runtime.InteropServices.COMException (0x800A11FD): Protect 方法或属性无效因为该文档被锁定，无法编辑。
   在 Microsoft.Office.Interop.Word.DocumentClass.Protect(WdProtectionType Type, Object& NoReset, Object& Password, Object& UseIRM, Object& EnforceStyleLock)
   在 EMR.MainForm.ProtectDoc() 位置 C:\Users\Administrator\Desktop\静海20130517\emr\EMRWS2.0\MainForm.cs:行号 1336
11:47:14	[EmrDocInfo checkSeries(int series)] iSeries检测错误EmrDocInfo.iSeries:5,series:4, EmrDocInfo.NoteID:11,EmrDocInfo.bIsNew:False
11:48:47	[EX9134474788] Unprotect 方法或属性无效因为已解除文档保护>>System.Runtime.InteropServices.COMException (0x800A11FD): Unprotect 方法或属性无效因为已解除文档保护
   在 Microsoft.Office.Interop.Word.DocumentClass.Unprotect(Object& Password)
   在 EMR.MainForm.UnProtectDoc() 位置 C:\Users\Administrator\Desktop\静海20130517\emr\EMRWS2.0\MainForm.cs:行号 1349
11:48:50	[EX9134474999] 该字符串未被识别为有效的 DateTime。>>System.FormatException: 该字符串未被识别为有效的 DateTime。
   在 System.DateTimeParse.Parse(String s, DateTimeFormatInfo dtfi, DateTimeStyles styles)
   在 System.Convert.ToDateTime(String value)
   在 EMR.MainForm.ChangeRanges(XMLNode cc, DataSet dst, String registryID) 位置 C:\Users\Administrator\Desktop\静海20130517\emr\EMRWS2.0\MainForm.cs:行号 995
11:48:50	[EX9134474888] Protect 方法或属性无效因为该文档被锁定，无法编辑。>>System.Runtime.InteropServices.COMException (0x800A11FD): Protect 方法或属性无效因为该文档被锁定，无法编辑。
   在 Microsoft.Office.Interop.Word.DocumentClass.Protect(WdProtectionType Type, Object& NoReset, Object& Password, Object& UseIRM, Object& EnforceStyleLock)
   在 EMR.MainForm.ProtectDoc() 位置 C:\Users\Administrator\Desktop\静海20130517\emr\EMRWS2.0\MainForm.cs:行号 1336
11:49:26	[EX9134474888] Protect 方法或属性无效因为文档已受保护>>System.Runtime.InteropServices.COMException (0x800A11FD): Protect 方法或属性无效因为文档已受保护
   在 Microsoft.Office.Interop.Word.DocumentClass.Protect(WdProtectionType Type, Object& NoReset, Object& Password, Object& UseIRM, Object& EnforceStyleLock)
   在 EMR.MainForm.ProtectDoc() 位置 C:\Users\Administrator\Desktop\静海20130517\emr\EMRWS2.0\MainForm.cs:行号 1336
11:49:48	[EmrDocInfo checkSeries(int series)] iSeries检测错误EmrDocInfo.iSeries:6,series:5, EmrDocInfo.NoteID:20,EmrDocInfo.bIsNew:False
15:24:59	[日志记录开始] 123456789
15:27:29	[EX9134474888] Protect 方法或属性无效因为文档已受保护>>System.Runtime.InteropServices.COMException (0x800A11FD): Protect 方法或属性无效因为文档已受保护
   在 Microsoft.Office.Interop.Word.DocumentClass.Protect(WdProtectionType Type, Object& NoReset, Object& Password, Object& UseIRM, Object& EnforceStyleLock)
   在 EMR.MainForm.ProtectDoc() 位置 C:\Users\Administrator\Desktop\静海20130517\emr\EMRWS2.0\MainForm.cs:行号 1336
16:02:16	[日志记录开始] 123456789
16:03:12	[EX9134474788] Unprotect 方法或属性无效因为已解除文档保护>>System.Runtime.InteropServices.COMException (0x800A11FD): Unprotect 方法或属性无效因为已解除文档保护
   在 Microsoft.Office.Interop.Word.DocumentClass.Unprotect(Object& Password)
   在 EMR.MainForm.UnProtectDoc() 位置 C:\Users\Administrator\Desktop\静海20130517\emr\EMRWS2.0\MainForm.cs:行号 1349
16:03:17	[现在时间] 12013-05-23 16:00
16:03:17	[现在时间] 22013-05-23 16:00
16:03:17	[现在时间] 4:2013-05-23 16:00
16:03:17	[现在时间] 5:OK
16:03:18	[EX9134474888] Protect 方法或属性无效因为该文档被锁定，无法编辑。>>System.Runtime.InteropServices.COMException (0x800A11FD): Protect 方法或属性无效因为该文档被锁定，无法编辑。
   在 Microsoft.Office.Interop.Word.DocumentClass.Protect(WdProtectionType Type, Object& NoReset, Object& Password, Object& UseIRM, Object& EnforceStyleLock)
   在 EMR.MainForm.ProtectDoc() 位置 C:\Users\Administrator\Desktop\静海20130517\emr\EMRWS2.0\MainForm.cs:行号 1336
