11:54:59	[日志记录开始] 123456789
12:00:28	[日志记录开始] 123456789
12:03:42	[日志记录开始] 123456789
12:10:06	[现在时间] 12013-05-27 12:07
12:10:06	[现在时间] 22013-05-27 12:07
12:10:06	[现在时间] 4:2013-05-27 12:07
12:10:06	[现在时间] 5:OK
12:10:10	[EX9134474888] Protect 方法或属性无效因为文档已受保护>>System.Runtime.InteropServices.COMException (0x800A11FD): Protect 方法或属性无效因为文档已受保护
   在 Microsoft.Office.Interop.Word.DocumentClass.Protect(WdProtectionType Type, Object& NoReset, Object& Password, Object& UseIRM, Object& EnforceStyleLock)
   在 EMR.MainForm.ProtectDoc() 位置 C:\Users\Administrator\Desktop\静海20130517\emr\EMRWS2.0\MainForm.cs:行号 1336
12:13:01	[EX9134474888] Protect 方法或属性无效因为文档已受保护>>System.Runtime.InteropServices.COMException (0x800A11FD): Protect 方法或属性无效因为文档已受保护
   在 Microsoft.Office.Interop.Word.DocumentClass.Protect(WdProtectionType Type, Object& NoReset, Object& Password, Object& UseIRM, Object& EnforceStyleLock)
   在 EMR.MainForm.ProtectDoc() 位置 C:\Users\Administrator\Desktop\静海20130517\emr\EMRWS2.0\MainForm.cs:行号 1336
12:14:49	[EmrDocInfo setSeriesIDForCheck(int iSID)] EmrDocInfo setSeriesIDForCheck(int iSID)iSeries 检测到错误 iSeries==0
12:19:13	[EX9134474888] Protect 方法或属性无效因为文档已受保护>>System.Runtime.InteropServices.COMException (0x800A11FD): Protect 方法或属性无效因为文档已受保护
   在 Microsoft.Office.Interop.Word.DocumentClass.Protect(WdProtectionType Type, Object& NoReset, Object& Password, Object& UseIRM, Object& EnforceStyleLock)
   在 EMR.MainForm.ProtectDoc() 位置 C:\Users\Administrator\Desktop\静海20130517\emr\EMRWS2.0\MainForm.cs:行号 1336
12:22:35	[现在时间] 12013-05-27 12:20
12:22:35	[现在时间] 22013-05-27 12:20
12:22:35	[现在时间] 4:2013-05-27 12:20
12:22:35	[现在时间] 5:OK
12:22:36	[EX9134474888] Protect 方法或属性无效因为文档已受保护>>System.Runtime.InteropServices.COMException (0x800A11FD): Protect 方法或属性无效因为文档已受保护
   在 Microsoft.Office.Interop.Word.DocumentClass.Protect(WdProtectionType Type, Object& NoReset, Object& Password, Object& UseIRM, Object& EnforceStyleLock)
   在 EMR.MainForm.ProtectDoc() 位置 C:\Users\Administrator\Desktop\静海20130517\emr\EMRWS2.0\MainForm.cs:行号 1336
12:24:30	[EmrDocInfo setSeriesIDForCheck(int iSID)] EmrDocInfo setSeriesIDForCheck(int iSID)iSeries 检测到错误 iSeries==0
14:19:45	[日志记录开始] 123456789
15:16:13	[EX9134474788] Unprotect 方法或属性无效因为已解除文档保护>>System.Runtime.InteropServices.COMException (0x800A11FD): Unprotect 方法或属性无效因为已解除文档保护
   在 Microsoft.Office.Interop.Word.DocumentClass.Unprotect(Object& Password)
   在 EMR.MainForm.UnProtectDoc() 位置 C:\Users\Administrator\Desktop\静海20130517\emr\EMRWS2.0\MainForm.cs:行号 1349
15:16:15	[现在时间] 12013-05-27 15:13
15:16:15	[现在时间] 22013-05-27 15:13
15:16:15	[现在时间] 4:2013-05-27 15:13
15:16:16	[现在时间] 5:OK
15:16:17	[EX9134474888] Protect 方法或属性无效因为该文档被锁定，无法编辑。>>System.Runtime.InteropServices.COMException (0x800A11FD): Protect 方法或属性无效因为该文档被锁定，无法编辑。
   在 Microsoft.Office.Interop.Word.DocumentClass.Protect(WdProtectionType Type, Object& NoReset, Object& Password, Object& UseIRM, Object& EnforceStyleLock)
   在 EMR.MainForm.ProtectDoc() 位置 C:\Users\Administrator\Desktop\静海20130517\emr\EMRWS2.0\MainForm.cs:行号 1336
15:20:50	[EX9134474788] Unprotect 方法或属性无效因为已解除文档保护>>System.Runtime.InteropServices.COMException (0x800A11FD): Unprotect 方法或属性无效因为已解除文档保护
   在 Microsoft.Office.Interop.Word.DocumentClass.Unprotect(Object& Password)
   在 EMR.MainForm.UnProtectDoc() 位置 C:\Users\Administrator\Desktop\静海20130517\emr\EMRWS2.0\MainForm.cs:行号 1349
15:20:50	[EX9134474999] 该字符串未被识别为有效的 DateTime。>>System.FormatException: 该字符串未被识别为有效的 DateTime。
   在 System.DateTimeParse.Parse(String s, DateTimeFormatInfo dtfi, DateTimeStyles styles)
   在 System.Convert.ToDateTime(String value)
   在 EMR.MainForm.ChangeRanges(XMLNode cc, DataSet dst, String registryID) 位置 C:\Users\Administrator\Desktop\静海20130517\emr\EMRWS2.0\MainForm.cs:行号 995
15:20:50	[EX9134474888] Protect 方法或属性无效因为该文档被锁定，无法编辑。>>System.Runtime.InteropServices.COMException (0x800A11FD): Protect 方法或属性无效因为该文档被锁定，无法编辑。
   在 Microsoft.Office.Interop.Word.DocumentClass.Protect(WdProtectionType Type, Object& NoReset, Object& Password, Object& UseIRM, Object& EnforceStyleLock)
   在 EMR.MainForm.ProtectDoc() 位置 C:\Users\Administrator\Desktop\静海20130517\emr\EMRWS2.0\MainForm.cs:行号 1336
15:23:13	[EmrDocInfo checkSeries(int series)] iSeries检测错误EmrDocInfo.iSeries:-1,series:3;EmrDocInfo.NoteID:20,EmrDocInfo.bIsNewForCheck:False;EmrDocInfo.bIsNew:True,EmrDocInfo.strNoteIDForCheck:20#26b3074a-e94b-497b-be6a-5cef8b76e1b0
15:24:35	[现在时间] 12013-05-27 15:22
15:24:35	[现在时间] 22013-05-27 15:22
15:24:35	[现在时间] 4:2013-05-27 15:22
15:24:35	[现在时间] 5:OK
15:24:36	[EX9134474888] Protect 方法或属性无效因为该文档被锁定，无法编辑。>>System.Runtime.InteropServices.COMException (0x800A11FD): Protect 方法或属性无效因为该文档被锁定，无法编辑。
   在 Microsoft.Office.Interop.Word.DocumentClass.Protect(WdProtectionType Type, Object& NoReset, Object& Password, Object& UseIRM, Object& EnforceStyleLock)
   在 EMR.MainForm.ProtectDoc() 位置 C:\Users\Administrator\Desktop\静海20130517\emr\EMRWS2.0\MainForm.cs:行号 1336
15:26:11	[EmrDocInfo checkSeries(int series)] iSeries检测错误EmrDocInfo.iSeries:-1,series:0;EmrDocInfo.NoteID:05,EmrDocInfo.bIsNewForCheck:False;EmrDocInfo.bIsNew:True,EmrDocInfo.strNoteIDForCheck:05#47958134-253b-4723-bf31-7b02bce99673
15:35:50	[日志记录开始] 123456789
15:36:35	[现在时间] 12013-05-27 15:34
15:36:35	[现在时间] 22013-05-27 15:34
15:36:35	[现在时间] 4:2013-05-27 15:34
15:36:35	[现在时间] 5:OK
15:36:36	[EX9134474888] Protect 方法或属性无效因为文档已受保护>>System.Runtime.InteropServices.COMException (0x800A11FD): Protect 方法或属性无效因为文档已受保护
   在 Microsoft.Office.Interop.Word.DocumentClass.Protect(WdProtectionType Type, Object& NoReset, Object& Password, Object& UseIRM, Object& EnforceStyleLock)
   在 EMR.MainForm.ProtectDoc() 位置 C:\Users\Administrator\Desktop\静海20130517\emr\EMRWS2.0\MainForm.cs:行号 1336
15:37:17	[EX9134474788] Unprotect 方法或属性无效因为已解除文档保护>>System.Runtime.InteropServices.COMException (0x800A11FD): Unprotect 方法或属性无效因为已解除文档保护
   在 Microsoft.Office.Interop.Word.DocumentClass.Unprotect(Object& Password)
   在 EMR.MainForm.UnProtectDoc() 位置 C:\Users\Administrator\Desktop\静海20130517\emr\EMRWS2.0\MainForm.cs:行号 1349
15:37:17	[EX9134474999] 该字符串未被识别为有效的 DateTime。>>System.FormatException: 该字符串未被识别为有效的 DateTime。
   在 System.DateTimeParse.Parse(String s, DateTimeFormatInfo dtfi, DateTimeStyles styles)
   在 System.Convert.ToDateTime(String value)
   在 EMR.MainForm.ChangeRanges(XMLNode cc, DataSet dst, String registryID) 位置 C:\Users\Administrator\Desktop\静海20130517\emr\EMRWS2.0\MainForm.cs:行号 995
15:37:18	[EX9134474888] Protect 方法或属性无效因为该文档被锁定，无法编辑。>>System.Runtime.InteropServices.COMException (0x800A11FD): Protect 方法或属性无效因为该文档被锁定，无法编辑。
   在 Microsoft.Office.Interop.Word.DocumentClass.Protect(WdProtectionType Type, Object& NoReset, Object& Password, Object& UseIRM, Object& EnforceStyleLock)
   在 EMR.MainForm.ProtectDoc() 位置 C:\Users\Administrator\Desktop\静海20130517\emr\EMRWS2.0\MainForm.cs:行号 1336
15:39:54	[EmrDocInfo checkSeries(int series)] iSeries检测错误EmrDocInfo.iSeries:-1,series:4;EmrDocInfo.NoteID:12,EmrDocInfo.bIsNewForCheck:False;EmrDocInfo.bIsNew:True,EmrDocInfo.strNoteIDForCheck:12#3daa9eef-2c42-4d77-8b1c-25c4feb3e767
