10:16:13	[日志记录开始] 123456789
10:17:14	[EX9134474788] Unprotect 方法或属性无效因为已解除文档保护>>System.Runtime.InteropServices.COMException (0x800A11FD): Unprotect 方法或属性无效因为已解除文档保护
   在 Microsoft.Office.Interop.Word.DocumentClass.Unprotect(Object& Password)
   在 EMR.MainForm.UnProtectDoc() 位置 C:\Users\Administrator\Desktop\静海20130517\emr\EMRWS2.0\MainForm.cs:行号 1349
10:17:14	[现在时间] 12013-05-28 10:14
10:17:14	[现在时间] 22013-05-28 10:14
10:17:14	[现在时间] 4:2013-05-28 10:14
10:17:14	[现在时间] 5:OK
10:17:15	[EX9134474888] Protect 方法或属性无效因为该文档被锁定，无法编辑。>>System.Runtime.InteropServices.COMException (0x800A11FD): Protect 方法或属性无效因为该文档被锁定，无法编辑。
   在 Microsoft.Office.Interop.Word.DocumentClass.Protect(WdProtectionType Type, Object& NoReset, Object& Password, Object& UseIRM, Object& EnforceStyleLock)
   在 EMR.MainForm.ProtectDoc() 位置 C:\Users\Administrator\Desktop\静海20130517\emr\EMRWS2.0\MainForm.cs:行号 1336
10:18:29	[setDBError checkSeries(int series)] setDBError:123#fe05717d-5ce2-4b91-b57f-3567258841b6
10:20:10	[setDBError checkSeries(int series)] setDBError:#fe05717d-5ce2-4b91-b57f-3567258841b6
10:22:36	[日志记录开始] 123456789
10:23:56	[日志记录开始] 123456789
10:29:59	[EX9134474888] Protect 方法或属性无效因为文档已受保护>>System.Runtime.InteropServices.COMException (0x800A11FD): Protect 方法或属性无效因为文档已受保护
   在 Microsoft.Office.Interop.Word.DocumentClass.Protect(WdProtectionType Type, Object& NoReset, Object& Password, Object& UseIRM, Object& EnforceStyleLock)
   在 EMR.MainForm.ProtectDoc() 位置 C:\Users\Administrator\Desktop\静海20130517\emr\EMRWS2.0\MainForm.cs:行号 1336
10:30:42	[EX9134474988] 文档结构与一个或多个附加架构设置的规则冲突，因此无法另存为 XML 格式>>System.Runtime.InteropServices.COMException (0x800A17E7): 文档结构与一个或多个附加架构设置的规则冲突，因此无法另存为 XML 格式
   在 Microsoft.Office.Interop.Word.DocumentClass.SaveAs(Object& FileName, Object& FileFormat, Object& LockComments, Object& Password, Object& AddToRecentFiles, Object& WritePassword, Object& ReadOnlyRecommended, Object& EmbedTrueTypeFonts, Object& SaveNativePictureFormat, Object& SaveFormsData, Object& SaveAsAOCELetter, Object& Encoding, Object& InsertLineBreaks, Object& AllowSubstitutions, Object& LineEnding, Object& AddBiDiMarks)
   在 EMR.MainForm.GetXmlfile() 位置 C:\Users\Administrator\Desktop\静海20130517\emr\EMRWS2.0\MainForm.cs:行号 1287
10:31:58	[EX9134474788] Unprotect 方法或属性无效因为已解除文档保护>>System.Runtime.InteropServices.COMException (0x800A11FD): Unprotect 方法或属性无效因为已解除文档保护
   在 Microsoft.Office.Interop.Word.DocumentClass.Unprotect(Object& Password)
   在 EMR.MainForm.UnProtectDoc() 位置 C:\Users\Administrator\Desktop\静海20130517\emr\EMRWS2.0\MainForm.cs:行号 1349
10:31:58	[现在时间] 12013-05-28 10:29
10:31:58	[现在时间] 22013-05-28 10:29
10:31:58	[现在时间] 4:2013-05-28 10:29
10:31:58	[现在时间] 5:OK
10:31:59	[EX9134474888] Protect 方法或属性无效因为该文档被锁定，无法编辑。>>System.Runtime.InteropServices.COMException (0x800A11FD): Protect 方法或属性无效因为该文档被锁定，无法编辑。
   在 Microsoft.Office.Interop.Word.DocumentClass.Protect(WdProtectionType Type, Object& NoReset, Object& Password, Object& UseIRM, Object& EnforceStyleLock)
   在 EMR.MainForm.ProtectDoc() 位置 C:\Users\Administrator\Desktop\静海20130517\emr\EMRWS2.0\MainForm.cs:行号 1336
10:34:52	[EX9134474888] Protect 方法或属性无效因为文档已受保护>>System.Runtime.InteropServices.COMException (0x800A11FD): Protect 方法或属性无效因为文档已受保护
   在 Microsoft.Office.Interop.Word.DocumentClass.Protect(WdProtectionType Type, Object& NoReset, Object& Password, Object& UseIRM, Object& EnforceStyleLock)
   在 EMR.MainForm.ProtectDoc() 位置 C:\Users\Administrator\Desktop\静海20130517\emr\EMRWS2.0\MainForm.cs:行号 1336
10:35:10	[EmrDocInfo checkSeries(int series)] iSeries检测错误EmrDocInfo.iSeries:7,series:0;EmrDocInfo.NoteID:06,EmrDocInfo.bIsNewForCheck:False;EmrDocInfo.bIsNew:False,EmrDocInfo.strNoteIDForCheck:06#8416cacc-33a7-4007-8e5f-7e32ce1952b9
10:39:52	[日志记录开始] 123456789
10:41:04	[EX9134474788] Unprotect 方法或属性无效因为已解除文档保护>>System.Runtime.InteropServices.COMException (0x800A11FD): Unprotect 方法或属性无效因为已解除文档保护
   在 Microsoft.Office.Interop.Word.DocumentClass.Unprotect(Object& Password)
   在 EMR.MainForm.UnProtectDoc() 位置 C:\Users\Administrator\Desktop\静海20130517\emr\EMRWS2.0\MainForm.cs:行号 1349
10:41:04	[现在时间] 12013-05-28 10:38
10:41:04	[现在时间] 22013-05-28 10:38
10:41:04	[现在时间] 4:2013-05-28 10:38
10:41:04	[现在时间] 5:OK
10:41:04	[EX9134474888] Protect 方法或属性无效因为该文档被锁定，无法编辑。>>System.Runtime.InteropServices.COMException (0x800A11FD): Protect 方法或属性无效因为该文档被锁定，无法编辑。
   在 Microsoft.Office.Interop.Word.DocumentClass.Protect(WdProtectionType Type, Object& NoReset, Object& Password, Object& UseIRM, Object& EnforceStyleLock)
   在 EMR.MainForm.ProtectDoc() 位置 C:\Users\Administrator\Desktop\静海20130517\emr\EMRWS2.0\MainForm.cs:行号 1336
10:43:45	[EX9134474788] Unprotect 方法或属性无效因为已解除文档保护>>System.Runtime.InteropServices.COMException (0x800A11FD): Unprotect 方法或属性无效因为已解除文档保护
   在 Microsoft.Office.Interop.Word.DocumentClass.Unprotect(Object& Password)
   在 EMR.MainForm.UnProtectDoc() 位置 C:\Users\Administrator\Desktop\静海20130517\emr\EMRWS2.0\MainForm.cs:行号 1349
10:43:45	[现在时间] 12013-05-28 10:41
10:43:45	[现在时间] 22013-05-28 10:41
10:43:45	[现在时间] 4:2013-05-28 10:41
10:43:45	[现在时间] 5:OK
10:43:46	[EX9134474888] Protect 方法或属性无效因为该文档被锁定，无法编辑。>>System.Runtime.InteropServices.COMException (0x800A11FD): Protect 方法或属性无效因为该文档被锁定，无法编辑。
   在 Microsoft.Office.Interop.Word.DocumentClass.Protect(WdProtectionType Type, Object& NoReset, Object& Password, Object& UseIRM, Object& EnforceStyleLock)
   在 EMR.MainForm.ProtectDoc() 位置 C:\Users\Administrator\Desktop\静海20130517\emr\EMRWS2.0\MainForm.cs:行号 1336
10:45:38	[EX9134474788] Unprotect 方法或属性无效因为已解除文档保护>>System.Runtime.InteropServices.COMException (0x800A11FD): Unprotect 方法或属性无效因为已解除文档保护
   在 Microsoft.Office.Interop.Word.DocumentClass.Unprotect(Object& Password)
   在 EMR.MainForm.UnProtectDoc() 位置 C:\Users\Administrator\Desktop\静海20130517\emr\EMRWS2.0\MainForm.cs:行号 1349
10:46:50	[EX9134474888] Protect 方法或属性无效因为文档已受保护>>System.Runtime.InteropServices.COMException (0x800A11FD): Protect 方法或属性无效因为文档已受保护
   在 Microsoft.Office.Interop.Word.DocumentClass.Protect(WdProtectionType Type, Object& NoReset, Object& Password, Object& UseIRM, Object& EnforceStyleLock)
   在 EMR.MainForm.ProtectDoc() 位置 C:\Users\Administrator\Desktop\静海20130517\emr\EMRWS2.0\MainForm.cs:行号 1336
10:47:09	[EX9134474888] Protect 方法或属性无效因为文档已受保护>>System.Runtime.InteropServices.COMException (0x800A11FD): Protect 方法或属性无效因为文档已受保护
   在 Microsoft.Office.Interop.Word.DocumentClass.Protect(WdProtectionType Type, Object& NoReset, Object& Password, Object& UseIRM, Object& EnforceStyleLock)
   在 EMR.MainForm.ProtectDoc() 位置 C:\Users\Administrator\Desktop\静海20130517\emr\EMRWS2.0\MainForm.cs:行号 1336
10:49:28	[日志记录开始] 123456789
10:52:20	[EX9134474788] Unprotect 方法或属性无效因为已解除文档保护>>System.Runtime.InteropServices.COMException (0x800A11FD): Unprotect 方法或属性无效因为已解除文档保护
   在 Microsoft.Office.Interop.Word.DocumentClass.Unprotect(Object& Password)
   在 EMR.MainForm.UnProtectDoc() 位置 C:\Users\Administrator\Desktop\静海20130517\emr\EMRWS2.0\MainForm.cs:行号 1349
10:52:20	[现在时间] 12013-05-28 10:49
10:52:20	[现在时间] 22013-05-28 10:49
10:52:20	[现在时间] 4:2013-05-28 10:49
10:52:20	[现在时间] 5:OK
10:52:20	[EX9134474888] Protect 方法或属性无效因为该文档被锁定，无法编辑。>>System.Runtime.InteropServices.COMException (0x800A11FD): Protect 方法或属性无效因为该文档被锁定，无法编辑。
   在 Microsoft.Office.Interop.Word.DocumentClass.Protect(WdProtectionType Type, Object& NoReset, Object& Password, Object& UseIRM, Object& EnforceStyleLock)
   在 EMR.MainForm.ProtectDoc() 位置 C:\Users\Administrator\Desktop\静海20130517\emr\EMRWS2.0\MainForm.cs:行号 1336
10:53:20	[EX9134474888] Protect 方法或属性无效因为文档已受保护>>System.Runtime.InteropServices.COMException (0x800A11FD): Protect 方法或属性无效因为文档已受保护
   在 Microsoft.Office.Interop.Word.DocumentClass.Protect(WdProtectionType Type, Object& NoReset, Object& Password, Object& UseIRM, Object& EnforceStyleLock)
   在 EMR.MainForm.ProtectDoc() 位置 C:\Users\Administrator\Desktop\静海20130517\emr\EMRWS2.0\MainForm.cs:行号 1336
10:55:17	[日志记录开始] 123456789
10:56:42	[EX9134474788] Unprotect 方法或属性无效因为已解除文档保护>>System.Runtime.InteropServices.COMException (0x800A11FD): Unprotect 方法或属性无效因为已解除文档保护
   在 Microsoft.Office.Interop.Word.DocumentClass.Unprotect(Object& Password)
   在 EMR.MainForm.UnProtectDoc() 位置 C:\Users\Administrator\Desktop\静海20130517\emr\EMRWS2.0\MainForm.cs:行号 1349
11:47:47	[日志记录开始] 123456789
11:48:23	[EX9134474888] Protect 方法或属性无效因为该文档被锁定，无法编辑。>>System.Runtime.InteropServices.COMException (0x800A11FD): Protect 方法或属性无效因为该文档被锁定，无法编辑。
   在 Microsoft.Office.Interop.Word.DocumentClass.Protect(WdProtectionType Type, Object& NoReset, Object& Password, Object& UseIRM, Object& EnforceStyleLock)
   在 EMR.MainForm.ProtectDoc() 位置 C:\Users\Administrator\Desktop\静海20130517\emr\EMRWS2.0\MainForm.cs:行号 1336
11:48:36	[EmrDocInfo checkSeries(int series)] iSeries检测错误EmrDocInfo.iSeries:7,series:7;EmrDocInfo.NoteID:06,EmrDocInfo.bIsNewForCheck:False;EmrDocInfo.bIsNew:False,EmrDocInfo.strNoteIDForCheck:#653165e5-7807-4be5-b1f2-206ee48054b6
11:51:26	[日志记录开始] 123456789
12:16:38	[日志记录开始] 123456789
12:18:18	[EX9134474888] Protect 方法或属性无效因为文档已受保护>>System.Runtime.InteropServices.COMException (0x800A11FD): Protect 方法或属性无效因为文档已受保护
   在 Microsoft.Office.Interop.Word.DocumentClass.Protect(WdProtectionType Type, Object& NoReset, Object& Password, Object& UseIRM, Object& EnforceStyleLock)
   在 EMR.MainForm.ProtectDoc() 位置 C:\Users\Administrator\Desktop\静海20130517\emr\EMRWS2.0\MainForm.cs:行号 1336
12:19:23	[EX9134474888] Protect 方法或属性无效因为文档已受保护>>System.Runtime.InteropServices.COMException (0x800A11FD): Protect 方法或属性无效因为文档已受保护
   在 Microsoft.Office.Interop.Word.DocumentClass.Protect(WdProtectionType Type, Object& NoReset, Object& Password, Object& UseIRM, Object& EnforceStyleLock)
   在 EMR.MainForm.ProtectDoc() 位置 C:\Users\Administrator\Desktop\静海20130517\emr\EMRWS2.0\MainForm.cs:行号 1336
