08:36:34	[日志记录开始] 123456789
08:37:27	[EX925511256759] 未知名称。 (异常来自 HRESULT:0x80020006 (DISP_E_UNKNOWNNAME))>>System.Runtime.InteropServices.COMException (0x80020006): 未知名称。 (异常来自 HRESULT:0x80020006 (DISP_E_UNKNOWNNAME))
   在 System.RuntimeType.InvokeDispMethod(String name, BindingFlags invokeAttr, Object target, Object[] args, Boolean[] byrefModifiers, Int32 culture, String[] namedParameters)
   在 System.RuntimeType.InvokeMember(String name, BindingFlags bindingFlags, Binder binder, Object target, Object[] providedArgs, ParameterModifier[] modifiers, CultureInfo culture, String[] namedParams)
   在 System.Type.InvokeMember(String name, BindingFlags invokeAttr, Binder binder, Object target, Object[] args)
   在 EMR.NoteRef.axWbDoCView_NavigateComplete2(Object sender, DWebBrowserEvents2_NavigateComplete2Event e)
08:37:31	[EX925511256759] 未知名称。 (异常来自 HRESULT:0x80020006 (DISP_E_UNKNOWNNAME))>>System.Runtime.InteropServices.COMException (0x80020006): 未知名称。 (异常来自 HRESULT:0x80020006 (DISP_E_UNKNOWNNAME))
   在 System.RuntimeType.InvokeDispMethod(String name, BindingFlags invokeAttr, Object target, Object[] args, Boolean[] byrefModifiers, Int32 culture, String[] namedParameters)
   在 System.RuntimeType.InvokeMember(String name, BindingFlags bindingFlags, Binder binder, Object target, Object[] providedArgs, ParameterModifier[] modifiers, CultureInfo culture, String[] namedParams)
   在 System.Type.InvokeMember(String name, BindingFlags invokeAttr, Binder binder, Object target, Object[] args)
   在 EMR.NoteRef.axWbDoCView_NavigateComplete2(Object sender, DWebBrowserEvents2_NavigateComplete2Event e)
08:37:33	[EX925511256759] 未知名称。 (异常来自 HRESULT:0x80020006 (DISP_E_UNKNOWNNAME))>>System.Runtime.InteropServices.COMException (0x80020006): 未知名称。 (异常来自 HRESULT:0x80020006 (DISP_E_UNKNOWNNAME))
   在 System.RuntimeType.InvokeDispMethod(String name, BindingFlags invokeAttr, Object target, Object[] args, Boolean[] byrefModifiers, Int32 culture, String[] namedParameters)
   在 System.RuntimeType.InvokeMember(String name, BindingFlags bindingFlags, Binder binder, Object target, Object[] providedArgs, ParameterModifier[] modifiers, CultureInfo culture, String[] namedParams)
   在 System.Type.InvokeMember(String name, BindingFlags invokeAttr, Binder binder, Object target, Object[] args)
   在 EMR.NoteRef.axWbDoCView_NavigateComplete2(Object sender, DWebBrowserEvents2_NavigateComplete2Event e)
08:38:11	[EX9134474788] Unprotect 方法或属性无效因为已解除文档保护>>System.Runtime.InteropServices.COMException (0x800A11FD): Unprotect 方法或属性无效因为已解除文档保护
   在 Microsoft.Office.Interop.Word.DocumentClass.Unprotect(Object& Password)
   在 EMR.MainForm.UnProtectDoc()
08:38:11	[EX9134474999] 该字符串未被识别为有效的 DateTime。>>System.FormatException: 该字符串未被识别为有效的 DateTime。
   在 System.DateTimeParse.Parse(String s, DateTimeFormatInfo dtfi, DateTimeStyles styles)
   在 System.Convert.ToDateTime(String value)
   在 EMR.MainForm.ChangeRanges(XMLNode cc, DataSet dst, String registryID)
08:38:11	[EX9134474888] Protect 方法或属性无效因为该文档被锁定，无法编辑。>>System.Runtime.InteropServices.COMException (0x800A11FD): Protect 方法或属性无效因为该文档被锁定，无法编辑。
   在 Microsoft.Office.Interop.Word.DocumentClass.Protect(WdProtectionType Type, Object& NoReset, Object& Password, Object& UseIRM, Object& EnforceStyleLock)
   在 EMR.MainForm.ProtectDoc()
08:39:20	[EX925511256759] 未知名称。 (异常来自 HRESULT:0x80020006 (DISP_E_UNKNOWNNAME))>>System.Runtime.InteropServices.COMException (0x80020006): 未知名称。 (异常来自 HRESULT:0x80020006 (DISP_E_UNKNOWNNAME))
   在 System.RuntimeType.InvokeDispMethod(String name, BindingFlags invokeAttr, Object target, Object[] args, Boolean[] byrefModifiers, Int32 culture, String[] namedParameters)
   在 System.RuntimeType.InvokeMember(String name, BindingFlags bindingFlags, Binder binder, Object target, Object[] providedArgs, ParameterModifier[] modifiers, CultureInfo culture, String[] namedParams)
   在 System.Type.InvokeMember(String name, BindingFlags invokeAttr, Binder binder, Object target, Object[] args)
   在 EMR.NoteRef.axWbDoCView_NavigateComplete2(Object sender, DWebBrowserEvents2_NavigateComplete2Event e)
08:39:23	[EX925511256759] 未知名称。 (异常来自 HRESULT:0x80020006 (DISP_E_UNKNOWNNAME))>>System.Runtime.InteropServices.COMException (0x80020006): 未知名称。 (异常来自 HRESULT:0x80020006 (DISP_E_UNKNOWNNAME))
   在 System.RuntimeType.InvokeDispMethod(String name, BindingFlags invokeAttr, Object target, Object[] args, Boolean[] byrefModifiers, Int32 culture, String[] namedParameters)
   在 System.RuntimeType.InvokeMember(String name, BindingFlags bindingFlags, Binder binder, Object target, Object[] providedArgs, ParameterModifier[] modifiers, CultureInfo culture, String[] namedParams)
   在 System.Type.InvokeMember(String name, BindingFlags invokeAttr, Binder binder, Object target, Object[] args)
   在 EMR.NoteRef.axWbDoCView_NavigateComplete2(Object sender, DWebBrowserEvents2_NavigateComplete2Event e)
08:39:25	[EX925511256759] 未知名称。 (异常来自 HRESULT:0x80020006 (DISP_E_UNKNOWNNAME))>>System.Runtime.InteropServices.COMException (0x80020006): 未知名称。 (异常来自 HRESULT:0x80020006 (DISP_E_UNKNOWNNAME))
   在 System.RuntimeType.InvokeDispMethod(String name, BindingFlags invokeAttr, Object target, Object[] args, Boolean[] byrefModifiers, Int32 culture, String[] namedParameters)
   在 System.RuntimeType.InvokeMember(String name, BindingFlags bindingFlags, Binder binder, Object target, Object[] providedArgs, ParameterModifier[] modifiers, CultureInfo culture, String[] namedParams)
   在 System.Type.InvokeMember(String name, BindingFlags invokeAttr, Binder binder, Object target, Object[] args)
   在 EMR.NoteRef.axWbDoCView_NavigateComplete2(Object sender, DWebBrowserEvents2_NavigateComplete2Event e)
08:39:27	[EX925511256759] 未知名称。 (异常来自 HRESULT:0x80020006 (DISP_E_UNKNOWNNAME))>>System.Runtime.InteropServices.COMException (0x80020006): 未知名称。 (异常来自 HRESULT:0x80020006 (DISP_E_UNKNOWNNAME))
   在 System.RuntimeType.InvokeDispMethod(String name, BindingFlags invokeAttr, Object target, Object[] args, Boolean[] byrefModifiers, Int32 culture, String[] namedParameters)
   在 System.RuntimeType.InvokeMember(String name, BindingFlags bindingFlags, Binder binder, Object target, Object[] providedArgs, ParameterModifier[] modifiers, CultureInfo culture, String[] namedParams)
   在 System.Type.InvokeMember(String name, BindingFlags invokeAttr, Binder binder, Object target, Object[] args)
   在 EMR.NoteRef.axWbDoCView_NavigateComplete2(Object sender, DWebBrowserEvents2_NavigateComplete2Event e)
08:39:30	[EX925511256759] 未知名称。 (异常来自 HRESULT:0x80020006 (DISP_E_UNKNOWNNAME))>>System.Runtime.InteropServices.COMException (0x80020006): 未知名称。 (异常来自 HRESULT:0x80020006 (DISP_E_UNKNOWNNAME))
   在 System.RuntimeType.InvokeDispMethod(String name, BindingFlags invokeAttr, Object target, Object[] args, Boolean[] byrefModifiers, Int32 culture, String[] namedParameters)
   在 System.RuntimeType.InvokeMember(String name, BindingFlags bindingFlags, Binder binder, Object target, Object[] providedArgs, ParameterModifier[] modifiers, CultureInfo culture, String[] namedParams)
   在 System.Type.InvokeMember(String name, BindingFlags invokeAttr, Binder binder, Object target, Object[] args)
   在 EMR.NoteRef.axWbDoCView_NavigateComplete2(Object sender, DWebBrowserEvents2_NavigateComplete2Event e)
08:39:33	[EX925511256759] 未知名称。 (异常来自 HRESULT:0x80020006 (DISP_E_UNKNOWNNAME))>>System.Runtime.InteropServices.COMException (0x80020006): 未知名称。 (异常来自 HRESULT:0x80020006 (DISP_E_UNKNOWNNAME))
   在 System.RuntimeType.InvokeDispMethod(String name, BindingFlags invokeAttr, Object target, Object[] args, Boolean[] byrefModifiers, Int32 culture, String[] namedParameters)
   在 System.RuntimeType.InvokeMember(String name, BindingFlags bindingFlags, Binder binder, Object target, Object[] providedArgs, ParameterModifier[] modifiers, CultureInfo culture, String[] namedParams)
   在 System.Type.InvokeMember(String name, BindingFlags invokeAttr, Binder binder, Object target, Object[] args)
   在 EMR.NoteRef.axWbDoCView_NavigateComplete2(Object sender, DWebBrowserEvents2_NavigateComplete2Event e)
08:39:36	[EX925511256759] 未知名称。 (异常来自 HRESULT:0x80020006 (DISP_E_UNKNOWNNAME))>>System.Runtime.InteropServices.COMException (0x80020006): 未知名称。 (异常来自 HRESULT:0x80020006 (DISP_E_UNKNOWNNAME))
   在 System.RuntimeType.InvokeDispMethod(String name, BindingFlags invokeAttr, Object target, Object[] args, Boolean[] byrefModifiers, Int32 culture, String[] namedParameters)
   在 System.RuntimeType.InvokeMember(String name, BindingFlags bindingFlags, Binder binder, Object target, Object[] providedArgs, ParameterModifier[] modifiers, CultureInfo culture, String[] namedParams)
   在 System.Type.InvokeMember(String name, BindingFlags invokeAttr, Binder binder, Object target, Object[] args)
   在 EMR.NoteRef.axWbDoCView_NavigateComplete2(Object sender, DWebBrowserEvents2_NavigateComplete2Event e)
08:39:38	[EX925511256759] 未知名称。 (异常来自 HRESULT:0x80020006 (DISP_E_UNKNOWNNAME))>>System.Runtime.InteropServices.COMException (0x80020006): 未知名称。 (异常来自 HRESULT:0x80020006 (DISP_E_UNKNOWNNAME))
   在 System.RuntimeType.InvokeDispMethod(String name, BindingFlags invokeAttr, Object target, Object[] args, Boolean[] byrefModifiers, Int32 culture, String[] namedParameters)
   在 System.RuntimeType.InvokeMember(String name, BindingFlags bindingFlags, Binder binder, Object target, Object[] providedArgs, ParameterModifier[] modifiers, CultureInfo culture, String[] namedParams)
   在 System.Type.InvokeMember(String name, BindingFlags invokeAttr, Binder binder, Object target, Object[] args)
   在 EMR.NoteRef.axWbDoCView_NavigateComplete2(Object sender, DWebBrowserEvents2_NavigateComplete2Event e)
08:41:22	[EX925511256759] 未知名称。 (异常来自 HRESULT:0x80020006 (DISP_E_UNKNOWNNAME))>>System.Runtime.InteropServices.COMException (0x80020006): 未知名称。 (异常来自 HRESULT:0x80020006 (DISP_E_UNKNOWNNAME))
   在 System.RuntimeType.InvokeDispMethod(String name, BindingFlags invokeAttr, Object target, Object[] args, Boolean[] byrefModifiers, Int32 culture, String[] namedParameters)
   在 System.RuntimeType.InvokeMember(String name, BindingFlags bindingFlags, Binder binder, Object target, Object[] providedArgs, ParameterModifier[] modifiers, CultureInfo culture, String[] namedParams)
   在 System.Type.InvokeMember(String name, BindingFlags invokeAttr, Binder binder, Object target, Object[] args)
   在 EMR.NoteRef.axWbDoCView_NavigateComplete2(Object sender, DWebBrowserEvents2_NavigateComplete2Event e)
08:42:52	[EX925511256759] 未知名称。 (异常来自 HRESULT:0x80020006 (DISP_E_UNKNOWNNAME))>>System.Runtime.InteropServices.COMException (0x80020006): 未知名称。 (异常来自 HRESULT:0x80020006 (DISP_E_UNKNOWNNAME))
   在 System.RuntimeType.InvokeDispMethod(String name, BindingFlags invokeAttr, Object target, Object[] args, Boolean[] byrefModifiers, Int32 culture, String[] namedParameters)
   在 System.RuntimeType.InvokeMember(String name, BindingFlags bindingFlags, Binder binder, Object target, Object[] providedArgs, ParameterModifier[] modifiers, CultureInfo culture, String[] namedParams)
   在 System.Type.InvokeMember(String name, BindingFlags invokeAttr, Binder binder, Object target, Object[] args)
   在 EMR.NoteRef.axWbDoCView_NavigateComplete2(Object sender, DWebBrowserEvents2_NavigateComplete2Event e)
08:43:04	[EX925511256759] 未知名称。 (异常来自 HRESULT:0x80020006 (DISP_E_UNKNOWNNAME))>>System.Runtime.InteropServices.COMException (0x80020006): 未知名称。 (异常来自 HRESULT:0x80020006 (DISP_E_UNKNOWNNAME))
   在 System.RuntimeType.InvokeDispMethod(String name, BindingFlags invokeAttr, Object target, Object[] args, Boolean[] byrefModifiers, Int32 culture, String[] namedParameters)
   在 System.RuntimeType.InvokeMember(String name, BindingFlags bindingFlags, Binder binder, Object target, Object[] providedArgs, ParameterModifier[] modifiers, CultureInfo culture, String[] namedParams)
   在 System.Type.InvokeMember(String name, BindingFlags invokeAttr, Binder binder, Object target, Object[] args)
   在 EMR.NoteRef.axWbDoCView_NavigateComplete2(Object sender, DWebBrowserEvents2_NavigateComplete2Event e)
08:43:06	[EX925511256759] 未知名称。 (异常来自 HRESULT:0x80020006 (DISP_E_UNKNOWNNAME))>>System.Runtime.InteropServices.COMException (0x80020006): 未知名称。 (异常来自 HRESULT:0x80020006 (DISP_E_UNKNOWNNAME))
   在 System.RuntimeType.InvokeDispMethod(String name, BindingFlags invokeAttr, Object target, Object[] args, Boolean[] byrefModifiers, Int32 culture, String[] namedParameters)
   在 System.RuntimeType.InvokeMember(String name, BindingFlags bindingFlags, Binder binder, Object target, Object[] providedArgs, ParameterModifier[] modifiers, CultureInfo culture, String[] namedParams)
   在 System.Type.InvokeMember(String name, BindingFlags invokeAttr, Binder binder, Object target, Object[] args)
   在 EMR.NoteRef.axWbDoCView_NavigateComplete2(Object sender, DWebBrowserEvents2_NavigateComplete2Event e)
08:43:08	[EX925511256759] 未知名称。 (异常来自 HRESULT:0x80020006 (DISP_E_UNKNOWNNAME))>>System.Runtime.InteropServices.COMException (0x80020006): 未知名称。 (异常来自 HRESULT:0x80020006 (DISP_E_UNKNOWNNAME))
   在 System.RuntimeType.InvokeDispMethod(String name, BindingFlags invokeAttr, Object target, Object[] args, Boolean[] byrefModifiers, Int32 culture, String[] namedParameters)
   在 System.RuntimeType.InvokeMember(String name, BindingFlags bindingFlags, Binder binder, Object target, Object[] providedArgs, ParameterModifier[] modifiers, CultureInfo culture, String[] namedParams)
   在 System.Type.InvokeMember(String name, BindingFlags invokeAttr, Binder binder, Object target, Object[] args)
   在 EMR.NoteRef.axWbDoCView_NavigateComplete2(Object sender, DWebBrowserEvents2_NavigateComplete2Event e)
08:43:10	[EX925511256759] 未知名称。 (异常来自 HRESULT:0x80020006 (DISP_E_UNKNOWNNAME))>>System.Runtime.InteropServices.COMException (0x80020006): 未知名称。 (异常来自 HRESULT:0x80020006 (DISP_E_UNKNOWNNAME))
   在 System.RuntimeType.InvokeDispMethod(String name, BindingFlags invokeAttr, Object target, Object[] args, Boolean[] byrefModifiers, Int32 culture, String[] namedParameters)
   在 System.RuntimeType.InvokeMember(String name, BindingFlags bindingFlags, Binder binder, Object target, Object[] providedArgs, ParameterModifier[] modifiers, CultureInfo culture, String[] namedParams)
   在 System.Type.InvokeMember(String name, BindingFlags invokeAttr, Binder binder, Object target, Object[] args)
   在 EMR.NoteRef.axWbDoCView_NavigateComplete2(Object sender, DWebBrowserEvents2_NavigateComplete2Event e)
08:46:34	[EX925511256759] 未知名称。 (异常来自 HRESULT:0x80020006 (DISP_E_UNKNOWNNAME))>>System.Runtime.InteropServices.COMException (0x80020006): 未知名称。 (异常来自 HRESULT:0x80020006 (DISP_E_UNKNOWNNAME))
   在 System.RuntimeType.InvokeDispMethod(String name, BindingFlags invokeAttr, Object target, Object[] args, Boolean[] byrefModifiers, Int32 culture, String[] namedParameters)
   在 System.RuntimeType.InvokeMember(String name, BindingFlags bindingFlags, Binder binder, Object target, Object[] providedArgs, ParameterModifier[] modifiers, CultureInfo culture, String[] namedParams)
   在 System.Type.InvokeMember(String name, BindingFlags invokeAttr, Binder binder, Object target, Object[] args)
   在 EMR.NoteRef.axWbDoCView_NavigateComplete2(Object sender, DWebBrowserEvents2_NavigateComplete2Event e)
08:59:08	[EX925511256759] 未知名称。 (异常来自 HRESULT:0x80020006 (DISP_E_UNKNOWNNAME))>>System.Runtime.InteropServices.COMException (0x80020006): 未知名称。 (异常来自 HRESULT:0x80020006 (DISP_E_UNKNOWNNAME))
   在 System.RuntimeType.InvokeDispMethod(String name, BindingFlags invokeAttr, Object target, Object[] args, Boolean[] byrefModifiers, Int32 culture, String[] namedParameters)
   在 System.RuntimeType.InvokeMember(String name, BindingFlags bindingFlags, Binder binder, Object target, Object[] providedArgs, ParameterModifier[] modifiers, CultureInfo culture, String[] namedParams)
   在 System.Type.InvokeMember(String name, BindingFlags invokeAttr, Binder binder, Object target, Object[] args)
   在 EMR.NoteRef.axWbDoCView_NavigateComplete2(Object sender, DWebBrowserEvents2_NavigateComplete2Event e)
08:59:15	[EX925511256759] 未知名称。 (异常来自 HRESULT:0x80020006 (DISP_E_UNKNOWNNAME))>>System.Runtime.InteropServices.COMException (0x80020006): 未知名称。 (异常来自 HRESULT:0x80020006 (DISP_E_UNKNOWNNAME))
   在 System.RuntimeType.InvokeDispMethod(String name, BindingFlags invokeAttr, Object target, Object[] args, Boolean[] byrefModifiers, Int32 culture, String[] namedParameters)
   在 System.RuntimeType.InvokeMember(String name, BindingFlags bindingFlags, Binder binder, Object target, Object[] providedArgs, ParameterModifier[] modifiers, CultureInfo culture, String[] namedParams)
   在 System.Type.InvokeMember(String name, BindingFlags invokeAttr, Binder binder, Object target, Object[] args)
   在 EMR.NoteRef.axWbDoCView_NavigateComplete2(Object sender, DWebBrowserEvents2_NavigateComplete2Event e)
08:59:22	[EX925511256759] 未知名称。 (异常来自 HRESULT:0x80020006 (DISP_E_UNKNOWNNAME))>>System.Runtime.InteropServices.COMException (0x80020006): 未知名称。 (异常来自 HRESULT:0x80020006 (DISP_E_UNKNOWNNAME))
   在 System.RuntimeType.InvokeDispMethod(String name, BindingFlags invokeAttr, Object target, Object[] args, Boolean[] byrefModifiers, Int32 culture, String[] namedParameters)
   在 System.RuntimeType.InvokeMember(String name, BindingFlags bindingFlags, Binder binder, Object target, Object[] providedArgs, ParameterModifier[] modifiers, CultureInfo culture, String[] namedParams)
   在 System.Type.InvokeMember(String name, BindingFlags invokeAttr, Binder binder, Object target, Object[] args)
   在 EMR.NoteRef.axWbDoCView_NavigateComplete2(Object sender, DWebBrowserEvents2_NavigateComplete2Event e)
08:59:25	[EX925511256759] 未知名称。 (异常来自 HRESULT:0x80020006 (DISP_E_UNKNOWNNAME))>>System.Runtime.InteropServices.COMException (0x80020006): 未知名称。 (异常来自 HRESULT:0x80020006 (DISP_E_UNKNOWNNAME))
   在 System.RuntimeType.InvokeDispMethod(String name, BindingFlags invokeAttr, Object target, Object[] args, Boolean[] byrefModifiers, Int32 culture, String[] namedParameters)
   在 System.RuntimeType.InvokeMember(String name, BindingFlags bindingFlags, Binder binder, Object target, Object[] providedArgs, ParameterModifier[] modifiers, CultureInfo culture, String[] namedParams)
   在 System.Type.InvokeMember(String name, BindingFlags invokeAttr, Binder binder, Object target, Object[] args)
   在 EMR.NoteRef.axWbDoCView_NavigateComplete2(Object sender, DWebBrowserEvents2_NavigateComplete2Event e)
08:59:40	[EX925511256759] 未知名称。 (异常来自 HRESULT:0x80020006 (DISP_E_UNKNOWNNAME))>>System.Runtime.InteropServices.COMException (0x80020006): 未知名称。 (异常来自 HRESULT:0x80020006 (DISP_E_UNKNOWNNAME))
   在 System.RuntimeType.InvokeDispMethod(String name, BindingFlags invokeAttr, Object target, Object[] args, Boolean[] byrefModifiers, Int32 culture, String[] namedParameters)
   在 System.RuntimeType.InvokeMember(String name, BindingFlags bindingFlags, Binder binder, Object target, Object[] providedArgs, ParameterModifier[] modifiers, CultureInfo culture, String[] namedParams)
   在 System.Type.InvokeMember(String name, BindingFlags invokeAttr, Binder binder, Object target, Object[] args)
   在 EMR.NoteRef.axWbDoCView_NavigateComplete2(Object sender, DWebBrowserEvents2_NavigateComplete2Event e)
08:59:43	[EX925511256759] 未知名称。 (异常来自 HRESULT:0x80020006 (DISP_E_UNKNOWNNAME))>>System.Runtime.InteropServices.COMException (0x80020006): 未知名称。 (异常来自 HRESULT:0x80020006 (DISP_E_UNKNOWNNAME))
   在 System.RuntimeType.InvokeDispMethod(String name, BindingFlags invokeAttr, Object target, Object[] args, Boolean[] byrefModifiers, Int32 culture, String[] namedParameters)
   在 System.RuntimeType.InvokeMember(String name, BindingFlags bindingFlags, Binder binder, Object target, Object[] providedArgs, ParameterModifier[] modifiers, CultureInfo culture, String[] namedParams)
   在 System.Type.InvokeMember(String name, BindingFlags invokeAttr, Binder binder, Object target, Object[] args)
   在 EMR.NoteRef.axWbDoCView_NavigateComplete2(Object sender, DWebBrowserEvents2_NavigateComplete2Event e)
08:59:45	[EX925511256759] 未知名称。 (异常来自 HRESULT:0x80020006 (DISP_E_UNKNOWNNAME))>>System.Runtime.InteropServices.COMException (0x80020006): 未知名称。 (异常来自 HRESULT:0x80020006 (DISP_E_UNKNOWNNAME))
   在 System.RuntimeType.InvokeDispMethod(String name, BindingFlags invokeAttr, Object target, Object[] args, Boolean[] byrefModifiers, Int32 culture, String[] namedParameters)
   在 System.RuntimeType.InvokeMember(String name, BindingFlags bindingFlags, Binder binder, Object target, Object[] providedArgs, ParameterModifier[] modifiers, CultureInfo culture, String[] namedParams)
   在 System.Type.InvokeMember(String name, BindingFlags invokeAttr, Binder binder, Object target, Object[] args)
   在 EMR.NoteRef.axWbDoCView_NavigateComplete2(Object sender, DWebBrowserEvents2_NavigateComplete2Event e)
08:59:54	[EX925511256759] 未知名称。 (异常来自 HRESULT:0x80020006 (DISP_E_UNKNOWNNAME))>>System.Runtime.InteropServices.COMException (0x80020006): 未知名称。 (异常来自 HRESULT:0x80020006 (DISP_E_UNKNOWNNAME))
   在 System.RuntimeType.InvokeDispMethod(String name, BindingFlags invokeAttr, Object target, Object[] args, Boolean[] byrefModifiers, Int32 culture, String[] namedParameters)
   在 System.RuntimeType.InvokeMember(String name, BindingFlags bindingFlags, Binder binder, Object target, Object[] providedArgs, ParameterModifier[] modifiers, CultureInfo culture, String[] namedParams)
   在 System.Type.InvokeMember(String name, BindingFlags invokeAttr, Binder binder, Object target, Object[] args)
   在 EMR.NoteRef.axWbDoCView_NavigateComplete2(Object sender, DWebBrowserEvents2_NavigateComplete2Event e)
08:59:57	[EX925511256759] 未知名称。 (异常来自 HRESULT:0x80020006 (DISP_E_UNKNOWNNAME))>>System.Runtime.InteropServices.COMException (0x80020006): 未知名称。 (异常来自 HRESULT:0x80020006 (DISP_E_UNKNOWNNAME))
   在 System.RuntimeType.InvokeDispMethod(String name, BindingFlags invokeAttr, Object target, Object[] args, Boolean[] byrefModifiers, Int32 culture, String[] namedParameters)
   在 System.RuntimeType.InvokeMember(String name, BindingFlags bindingFlags, Binder binder, Object target, Object[] providedArgs, ParameterModifier[] modifiers, CultureInfo culture, String[] namedParams)
   在 System.Type.InvokeMember(String name, BindingFlags invokeAttr, Binder binder, Object target, Object[] args)
   在 EMR.NoteRef.axWbDoCView_NavigateComplete2(Object sender, DWebBrowserEvents2_NavigateComplete2Event e)
09:00:27	[EX925511256759] 未知名称。 (异常来自 HRESULT:0x80020006 (DISP_E_UNKNOWNNAME))>>System.Runtime.InteropServices.COMException (0x80020006): 未知名称。 (异常来自 HRESULT:0x80020006 (DISP_E_UNKNOWNNAME))
   在 System.RuntimeType.InvokeDispMethod(String name, BindingFlags invokeAttr, Object target, Object[] args, Boolean[] byrefModifiers, Int32 culture, String[] namedParameters)
   在 System.RuntimeType.InvokeMember(String name, BindingFlags bindingFlags, Binder binder, Object target, Object[] providedArgs, ParameterModifier[] modifiers, CultureInfo culture, String[] namedParams)
   在 System.Type.InvokeMember(String name, BindingFlags invokeAttr, Binder binder, Object target, Object[] args)
   在 EMR.NoteRef.axWbDoCView_NavigateComplete2(Object sender, DWebBrowserEvents2_NavigateComplete2Event e)
09:17:17	[EX925511256759] 未知名称。 (异常来自 HRESULT:0x80020006 (DISP_E_UNKNOWNNAME))>>System.Runtime.InteropServices.COMException (0x80020006): 未知名称。 (异常来自 HRESULT:0x80020006 (DISP_E_UNKNOWNNAME))
   在 System.RuntimeType.InvokeDispMethod(String name, BindingFlags invokeAttr, Object target, Object[] args, Boolean[] byrefModifiers, Int32 culture, String[] namedParameters)
   在 System.RuntimeType.InvokeMember(String name, BindingFlags bindingFlags, Binder binder, Object target, Object[] providedArgs, ParameterModifier[] modifiers, CultureInfo culture, String[] namedParams)
   在 System.Type.InvokeMember(String name, BindingFlags invokeAttr, Binder binder, Object target, Object[] args)
   在 EMR.NoteRef.axWbDoCView_NavigateComplete2(Object sender, DWebBrowserEvents2_NavigateComplete2Event e)
09:17:20	[EX925511256759] 未知名称。 (异常来自 HRESULT:0x80020006 (DISP_E_UNKNOWNNAME))>>System.Runtime.InteropServices.COMException (0x80020006): 未知名称。 (异常来自 HRESULT:0x80020006 (DISP_E_UNKNOWNNAME))
   在 System.RuntimeType.InvokeDispMethod(String name, BindingFlags invokeAttr, Object target, Object[] args, Boolean[] byrefModifiers, Int32 culture, String[] namedParameters)
   在 System.RuntimeType.InvokeMember(String name, BindingFlags bindingFlags, Binder binder, Object target, Object[] providedArgs, ParameterModifier[] modifiers, CultureInfo culture, String[] namedParams)
   在 System.Type.InvokeMember(String name, BindingFlags invokeAttr, Binder binder, Object target, Object[] args)
   在 EMR.NoteRef.axWbDoCView_NavigateComplete2(Object sender, DWebBrowserEvents2_NavigateComplete2Event e)
09:17:23	[EX925511256759] 未知名称。 (异常来自 HRESULT:0x80020006 (DISP_E_UNKNOWNNAME))>>System.Runtime.InteropServices.COMException (0x80020006): 未知名称。 (异常来自 HRESULT:0x80020006 (DISP_E_UNKNOWNNAME))
   在 System.RuntimeType.InvokeDispMethod(String name, BindingFlags invokeAttr, Object target, Object[] args, Boolean[] byrefModifiers, Int32 culture, String[] namedParameters)
   在 System.RuntimeType.InvokeMember(String name, BindingFlags bindingFlags, Binder binder, Object target, Object[] providedArgs, ParameterModifier[] modifiers, CultureInfo culture, String[] namedParams)
   在 System.Type.InvokeMember(String name, BindingFlags invokeAttr, Binder binder, Object target, Object[] args)
   在 EMR.NoteRef.axWbDoCView_NavigateComplete2(Object sender, DWebBrowserEvents2_NavigateComplete2Event e)
09:17:28	[EX925511256759] 未知名称。 (异常来自 HRESULT:0x80020006 (DISP_E_UNKNOWNNAME))>>System.Runtime.InteropServices.COMException (0x80020006): 未知名称。 (异常来自 HRESULT:0x80020006 (DISP_E_UNKNOWNNAME))
   在 System.RuntimeType.InvokeDispMethod(String name, BindingFlags invokeAttr, Object target, Object[] args, Boolean[] byrefModifiers, Int32 culture, String[] namedParameters)
   在 System.RuntimeType.InvokeMember(String name, BindingFlags bindingFlags, Binder binder, Object target, Object[] providedArgs, ParameterModifier[] modifiers, CultureInfo culture, String[] namedParams)
   在 System.Type.InvokeMember(String name, BindingFlags invokeAttr, Binder binder, Object target, Object[] args)
   在 EMR.NoteRef.axWbDoCView_NavigateComplete2(Object sender, DWebBrowserEvents2_NavigateComplete2Event e)
09:31:55	[EX925511256759] 未知名称。 (异常来自 HRESULT:0x80020006 (DISP_E_UNKNOWNNAME))>>System.Runtime.InteropServices.COMException (0x80020006): 未知名称。 (异常来自 HRESULT:0x80020006 (DISP_E_UNKNOWNNAME))
   在 System.RuntimeType.InvokeDispMethod(String name, BindingFlags invokeAttr, Object target, Object[] args, Boolean[] byrefModifiers, Int32 culture, String[] namedParameters)
   在 System.RuntimeType.InvokeMember(String name, BindingFlags bindingFlags, Binder binder, Object target, Object[] providedArgs, ParameterModifier[] modifiers, CultureInfo culture, String[] namedParams)
   在 System.Type.InvokeMember(String name, BindingFlags invokeAttr, Binder binder, Object target, Object[] args)
   在 EMR.NoteRef.axWbDoCView_NavigateComplete2(Object sender, DWebBrowserEvents2_NavigateComplete2Event e)
09:32:33	[现在时间] 12013-05-14 09:31
09:32:33	[现在时间] 22013-05-14 09:31
09:32:33	[现在时间] 4:2013-05-14 09:31
09:32:33	[现在时间] 5:OK
09:32:33	[EX9134474888] Protect 方法或属性无效因为该文档被锁定，无法编辑。>>System.Runtime.InteropServices.COMException (0x800A11FD): Protect 方法或属性无效因为该文档被锁定，无法编辑。
   在 Microsoft.Office.Interop.Word.DocumentClass.Protect(WdProtectionType Type, Object& NoReset, Object& Password, Object& UseIRM, Object& EnforceStyleLock)
   在 EMR.MainForm.ProtectDoc()
10:14:46	[日志记录开始] 123456789
10:16:01	[EX9134474788] Unprotect 方法或属性无效因为已解除文档保护>>System.Runtime.InteropServices.COMException (0x800A11FD): Unprotect 方法或属性无效因为已解除文档保护
   在 Microsoft.Office.Interop.Word.DocumentClass.Unprotect(Object& Password)
   在 EMR.MainForm.UnProtectDoc()
10:16:01	[现在时间] 12013-05-14 10:14
10:16:01	[现在时间] 22013-05-14 10:14
10:16:01	[现在时间] 4:2013-05-14 10:14
10:16:01	[现在时间] 5:OK
10:16:02	[EX9134474888] Protect 方法或属性无效因为该文档被锁定，无法编辑。>>System.Runtime.InteropServices.COMException (0x800A11FD): Protect 方法或属性无效因为该文档被锁定，无法编辑。
   在 Microsoft.Office.Interop.Word.DocumentClass.Protect(WdProtectionType Type, Object& NoReset, Object& Password, Object& UseIRM, Object& EnforceStyleLock)
   在 EMR.MainForm.ProtectDoc()
14:13:36	[日志记录开始] 123456789
14:15:03	[日志记录开始] 123456789
