16:14:02	[日志记录开始] 123456789
16:14:05	[EX97894563852] 系统未找到指定的资源。
>>System.IO.FileNotFoundException: 系统未找到指定的资源。

   在 MSXML2.XMLHTTPClass.send(Object varBody)
   在 EMR.ThisAddIn.IsOkWebService(String url) 位置 E:\other\20150129 程序\emr 静海\EMRWS2.0\ThisAddIn.cs:行号 1416
16:14:13	[EX922511256895] 无法连接到远程服务器>>System.Net.WebException: 无法连接到远程服务器 ---> System.Net.Sockets.SocketException: 由于目标计算机积极拒绝，无法连接。 127.0.0.1:2638
   在 System.Net.Sockets.Socket.DoConnect(EndPoint endPointSnapshot, SocketAddress socketAddress)
   在 System.Net.Sockets.Socket.InternalConnect(EndPoint remoteEP)
   在 System.Net.ServicePoint.ConnectSocketInternal(Boolean connectFailure, Socket s4, Socket s6, Socket& socket, IPAddress& address, ConnectSocketState state, IAsyncResult asyncResult, Int32 timeout, Exception& exception)
   --- 内部异常堆栈跟踪的结尾 ---
   在 System.Net.HttpWebRequest.GetRequestStream(TransportContext& context)
   在 System.Net.HttpWebRequest.GetRequestStream()
   在 System.Web.Services.Protocols.SoapHttpClientProtocol.Invoke(String methodName, Object[] parameters)
   在 EMR.gjtEmrPatients.emrPatients.GetOperatorName(String opcode, String& opname, String& passwd, String& department, String& departname) 位置 E:\other\20150129 程序\emr 静海\EMRWS2.0\Web References\gjtEmrPatients\Reference.cs:行号 3705
   在 EMR.ThisAddIn.GetOperatorInf(String Code, String& Name, String& passwd, String& departmentCode, String& departName) 位置 E:\other\20150129 程序\emr 静海\EMRWS2.0\ThisAddIn.cs:行号 44
16:15:19	[日志记录开始] 123456789
16:16:24	[模板打开成功] 
16:16:24	[EX9134474888] Protect 方法或属性无效因为该文档被锁定，无法编辑。>>System.Runtime.InteropServices.COMException (0x800A11FD): Protect 方法或属性无效因为该文档被锁定，无法编辑。
   在 Microsoft.Office.Interop.Word.DocumentClass.Protect(WdProtectionType Type, Object& NoReset, Object& Password, Object& UseIRM, Object& EnforceStyleLock)
   在 EMR.MainForm.ProtectDoc() 位置 E:\other\20150129 程序\emr 静海\EMRWS2.0\MainForm.cs:行号 1401
16:44:57	[日志记录开始] 123456789
16:47:34	[模板打开成功] 
16:47:34	[EX9134474888] Protect 方法或属性无效因为该文档被锁定，无法编辑。>>System.Runtime.InteropServices.COMException (0x800A11FD): Protect 方法或属性无效因为该文档被锁定，无法编辑。
   在 Microsoft.Office.Interop.Word.DocumentClass.Protect(WdProtectionType Type, Object& NoReset, Object& Password, Object& UseIRM, Object& EnforceStyleLock)
   在 EMR.MainForm.ProtectDoc() 位置 E:\other\20150129 程序\emr 静海\EMRWS2.0\MainForm.cs:行号 1401
16:48:08	[模板打开成功] 
16:48:08	[EX9134474888] Protect 方法或属性无效因为该文档被锁定，无法编辑。>>System.Runtime.InteropServices.COMException (0x800A11FD): Protect 方法或属性无效因为该文档被锁定，无法编辑。
   在 Microsoft.Office.Interop.Word.DocumentClass.Protect(WdProtectionType Type, Object& NoReset, Object& Password, Object& UseIRM, Object& EnforceStyleLock)
   在 EMR.MainForm.ProtectDoc() 位置 E:\other\20150129 程序\emr 静海\EMRWS2.0\MainForm.cs:行号 1401
16:48:25	[模板打开成功] 
