10:42:07	[日志记录开始] 123456789
10:58:49	[日志记录开始] 123456789
10:59:04	[EX961052979] System.Web.Services.Protocols.SoapException: 服务器无法处理请求。 ---> System.NullReferenceException: 未将对象引用设置到对象的实例。
   在 emrPatients.ValuateNowPSSelect(String item1, String item2, String departID)
   --- 内部异常堆栈跟踪的结尾 --->>System.Web.Services.Protocols.SoapException: System.Web.Services.Protocols.SoapException: 服务器无法处理请求。 ---> System.NullReferenceException: 未将对象引用设置到对象的实例。
   在 emrPatients.ValuateNowPSSelect(String item1, String item2, String departID)
   --- 内部异常堆栈跟踪的结尾 ---
   在 System.Web.Services.Protocols.SoapHttpClientProtocol.ReadResponse(SoapClientMessage message, WebResponse response, Stream responseStream, Boolean asyncCall)
   在 System.Web.Services.Protocols.SoapHttpClientProtocol.Invoke(String methodName, Object[] parameters)
   在 EMR.gjtEmrPatients.emrPatients.ValuateNowPSSelect(String item1, String item2, String departID) 位置 E:\61\EMR\EMRWS2.0\Web References\gjtEmrPatients\Reference.cs:行号 1523
   在 EMR.CSelectP.GetDataNew() 位置 E:\61\EMR\EMRWS2.0\Select\CSelectP.cs:行号 53
   在 EMR.MainForm._Cselect() 位置 E:\61\EMR\EMRWS2.0\MainForm.cs:行号 2754
   在 EMR.MainForm._EditDoc() 位置 E:\61\EMR\EMRWS2.0\MainForm.cs:行号 2534
   在 EMR.MainForm.loadFileFinished(Document doc) 位置 E:\61\EMR\EMRWS2.0\MainForm.cs:行号 138
   在 EMR.WordContainer.Navigate(String filename) 位置 E:\61\EMR\EMRWS2.0\WordContainer.cs:行号 526
   在 EMR.WordContainer.Navigate(String filename, Object& obj1, Object& obj2, Object& obj3, Object& obj4) 位置 E:\61\EMR\EMRWS2.0\WordContainer.cs:行号 472
   在 EMR.MainForm.NewWordDoc() 位置 E:\61\EMR\EMRWS2.0\EmrTaskPane3.cs:行号 418
11:00:42	[日志记录开始] 123456789
11:01:33	[EX961052979] System.Web.Services.Protocols.SoapException: 服务器无法处理请求。 ---> System.NullReferenceException: 未将对象引用设置到对象的实例。
   在 emrPatients.ValuateNowPSSelect(String item1, String item2, String departID)
   --- 内部异常堆栈跟踪的结尾 --->>System.Web.Services.Protocols.SoapException: System.Web.Services.Protocols.SoapException: 服务器无法处理请求。 ---> System.NullReferenceException: 未将对象引用设置到对象的实例。
   在 emrPatients.ValuateNowPSSelect(String item1, String item2, String departID)
   --- 内部异常堆栈跟踪的结尾 ---
   在 System.Web.Services.Protocols.SoapHttpClientProtocol.ReadResponse(SoapClientMessage message, WebResponse response, Stream responseStream, Boolean asyncCall)
   在 System.Web.Services.Protocols.SoapHttpClientProtocol.Invoke(String methodName, Object[] parameters)
   在 EMR.gjtEmrPatients.emrPatients.ValuateNowPSSelect(String item1, String item2, String departID) 位置 E:\61\EMR\EMRWS2.0\Web References\gjtEmrPatients\Reference.cs:行号 1523
   在 EMR.CSelectP.GetDataNew() 位置 E:\61\EMR\EMRWS2.0\Select\CSelectP.cs:行号 53
   在 EMR.MainForm._Cselect() 位置 E:\61\EMR\EMRWS2.0\MainForm.cs:行号 2754
   在 EMR.MainForm._EditDoc() 位置 E:\61\EMR\EMRWS2.0\MainForm.cs:行号 2534
   在 EMR.MainForm.loadFileFinished(Document doc) 位置 E:\61\EMR\EMRWS2.0\MainForm.cs:行号 138
   在 EMR.WordContainer.Navigate(String filename) 位置 E:\61\EMR\EMRWS2.0\WordContainer.cs:行号 526
   在 EMR.WordContainer.Navigate(String filename, Object& obj1, Object& obj2, Object& obj3, Object& obj4) 位置 E:\61\EMR\EMRWS2.0\WordContainer.cs:行号 472
   在 EMR.MainForm.NewWordDoc() 位置 E:\61\EMR\EMRWS2.0\EmrTaskPane3.cs:行号 418
11:02:13	[日志记录开始] 123456789
