14:06:15	[日志记录开始] 123456789
14:06:17	[EX97894563852] 系统错误: -2146697211。
>>System.IO.FileNotFoundException: 系统错误: -2146697211。

   在 MSXML2.XMLHTTPClass.send(Object varBody)
   在 EMR.ThisAddIn.IsOkWebService(String url) 位置 E:\61\EMR\EMRWS2.0\ThisAddIn.cs:行号 1263
14:21:47	[日志记录开始] 123456789
14:29:33	[日志记录开始] 123456789
14:31:04	[日志记录开始] 123456789
14:43:39	[日志记录开始] 123456789
14:54:59	[日志记录开始] 123456789
14:58:15	[日志记录开始] 123456789
16:30:45	[日志记录开始] 123456789
16:30:46	[EX97894563852] 系统错误: -2146697211。
>>System.IO.FileNotFoundException: 系统错误: -2146697211。

   在 MSXML2.XMLHTTPClass.send(Object varBody)
   在 EMR.ThisAddIn.IsOkWebService(String url) 位置 E:\61\EMR\EMRWS2.0\ThisAddIn.cs:行号 1263
16:33:00	[日志记录开始] 123456789
16:35:22	[EX9134474888] Protect 方法或属性无效因为文档已受保护>>System.Runtime.InteropServices.COMException (0x800A11FD): Protect 方法或属性无效因为文档已受保护
   在 Microsoft.Office.Interop.Word.DocumentClass.Protect(WdProtectionType Type, Object& NoReset, Object& Password, Object& UseIRM, Object& EnforceStyleLock)
   在 EMR.MainForm.ProtectDoc() 位置 E:\61\EMR\EMRWS2.0\MainForm.cs:行号 1336
16:35:32	[EX9134474888] Protect 方法或属性无效因为文档已受保护>>System.Runtime.InteropServices.COMException (0x800A11FD): Protect 方法或属性无效因为文档已受保护
   在 Microsoft.Office.Interop.Word.DocumentClass.Protect(WdProtectionType Type, Object& NoReset, Object& Password, Object& UseIRM, Object& EnforceStyleLock)
   在 EMR.MainForm.ProtectDoc() 位置 E:\61\EMR\EMRWS2.0\MainForm.cs:行号 1336
16:35:47	[EX9134474888] Protect 方法或属性无效因为该文档被锁定，无法编辑。>>System.Runtime.InteropServices.COMException (0x800A11FD): Protect 方法或属性无效因为该文档被锁定，无法编辑。
   在 Microsoft.Office.Interop.Word.DocumentClass.Protect(WdProtectionType Type, Object& NoReset, Object& Password, Object& UseIRM, Object& EnforceStyleLock)
   在 EMR.MainForm.ProtectDoc() 位置 E:\61\EMR\EMRWS2.0\MainForm.cs:行号 1336
16:35:47	[EX9134474888] Protect 方法或属性无效因为该文档被锁定，无法编辑。>>System.Runtime.InteropServices.COMException (0x800A11FD): Protect 方法或属性无效因为该文档被锁定，无法编辑。
   在 Microsoft.Office.Interop.Word.DocumentClass.Protect(WdProtectionType Type, Object& NoReset, Object& Password, Object& UseIRM, Object& EnforceStyleLock)
   在 EMR.MainForm.ProtectDoc() 位置 E:\61\EMR\EMRWS2.0\MainForm.cs:行号 1336
17:20:50	[日志记录开始] 123456789
17:29:36	[日志记录开始] 123456789
17:34:08	[日志记录开始] 123456789
17:36:39	[日志记录开始] 123456789
17:42:59	[日志记录开始] 123456789
17:48:16	[日志记录开始] 123456789
18:14:26	[日志记录开始] 123456789
18:17:44	[日志记录开始] 123456789
